<?xml version="1.0" encoding="UTF-8"?>
<!-- Generated by org.testng.reporters.JUnitXMLReporter -->
<testsuite hostname="Anils-MacBook-Pro.local" ignored="0" name="Test1" tests="5" failures="1" timestamp="20 Oct 2018 20:48:54 GMT" time="0.145" errors="0">
  <testcase name="Test3" time="0.012" classname="com.course.dayone.Test1"/>
  <testcase name="Test3" time="0.003" classname="com.course.dayone.Test1"/>
  <testcase name="Test3" time="0.004" classname="com.course.dayone.Test1"/>
  <testcase name="myTest" time="0.033" classname="com.course.dayone.Test1">
    <failure type="java.lang.NoClassDefFoundError" message="com/google/common/base/Function">
      <![CDATA[java.lang.NoClassDefFoundError: com/google/common/base/Function
at com.course.dayone.Test1.myTest(Test1.java:34)
Caused by: java.lang.ClassNotFoundException: com.google.common.base.Function
at java.net.URLClassLoader.findClass(URLClassLoader.java:381)
at java.lang.ClassLoader.loadClass(ClassLoader.java:424)
at sun.misc.Launcher$AppClassLoader.loadClass(Launcher.java:335)
at java.lang.ClassLoader.loadClass(ClassLoader.java:357)
... 26 more
... Removed 25 stack frames]]>
    </failure>
  </testcase> <!-- myTest -->
  <testcase name="myTest2" time="0.001" classname="com.course.dayone.Test1"/>
</testsuite> <!-- Test1 -->
